<?xml version="1.0" encoding="UTF-8"?>
<testng-results skipped="0" failed="1" total="4" passed="3">
  <reporter-output>
  </reporter-output>
  <suite name="Default suite" duration-ms="409015" started-at="2014-10-01T03:58:24Z" finished-at="2014-10-01T04:05:13Z">
    <groups>
    </groups>
    <test name="Default test" duration-ms="409015" started-at="2014-10-01T03:58:24Z" finished-at="2014-10-01T04:05:13Z">
      <class name="myrp.test.SmokeTestProd">
        <test-method status="PASS" signature="Startup(java.lang.String)[pri:0, instance:myrp.test.SmokeTestProd@2de0a562]" name="Startup" is-config="true" duration-ms="41087" started-at="2014-10-01T11:58:24Z" finished-at="2014-10-01T11:59:05Z">
          <params>
            <param index="0">
              <value is-null="true"/>
            </param>
          </params>
          <reporter-output>
          </reporter-output>
        </test-method> <!-- Startup -->
        <test-method status="PASS" signature="verifyExternalConnections()[pri:0, instance:myrp.test.SmokeTestProd@2de0a562]" name="verifyExternalConnections" duration-ms="57685" started-at="2014-10-01T11:59:05Z" finished-at="2014-10-01T12:00:03Z">
          <reporter-output>
          </reporter-output>
        </test-method> <!-- verifyExternalConnections -->
        <test-method status="PASS" signature="verifyHoamLoans()[pri:0, instance:myrp.test.SmokeTestProd@2de0a562]" name="verifyHoamLoans" duration-ms="76299" started-at="2014-10-01T12:00:03Z" finished-at="2014-10-01T12:01:19Z">
          <reporter-output>
          </reporter-output>
        </test-method> <!-- verifyHoamLoans -->
        <test-method status="FAIL" signature="verifyInfographics()[pri:0, instance:myrp.test.SmokeTestProd@2de0a562]" name="verifyInfographics" duration-ms="51618" started-at="2014-10-01T12:01:19Z" finished-at="2014-10-01T12:02:11Z">
          <exception class="java.lang.AssertionError">
            <message>
              <![CDATA[expected [VIC] but found [NSW]]]>
            </message>
            <full-stacktrace>
              <![CDATA[java.lang.AssertionError: expected [VIC] but found [NSW]
	at org.testng.Assert.fail(Assert.java:94)
	at org.testng.Assert.failNotEquals(Assert.java:494)
	at org.testng.Assert.assertEquals(Assert.java:123)
	at org.testng.Assert.assertEquals(Assert.java:176)
	at org.testng.Assert.assertEquals(Assert.java:186)
	at myrp.utilities.SmokeTestUtil.searchPropertyAddress(SmokeTestUtil.java:112)
	at myrp.utilities.SmokeTestUtil.checkInfographics(SmokeTestUtil.java:625)
	at myrp.test.SmokeTestProd.verifyInfographics(SmokeTestProd.java:44)
	at sun.reflect.NativeMethodAccessorImpl.invoke0(Native Method)
	at sun.reflect.NativeMethodAccessorImpl.invoke(NativeMethodAccessorImpl.java:57)
	at sun.reflect.DelegatingMethodAccessorImpl.invoke(DelegatingMethodAccessorImpl.java:43)
	at java.lang.reflect.Method.invoke(Method.java:601)
	at org.testng.internal.MethodInvocationHelper.invokeMethod(MethodInvocationHelper.java:84)
	at org.testng.internal.Invoker.invokeMethod(Invoker.java:714)
	at org.testng.internal.Invoker.invokeTestMethod(Invoker.java:901)
	at org.testng.internal.Invoker.invokeTestMethods(Invoker.java:1231)
	at org.testng.internal.TestMethodWorker.invokeTestMethods(TestMethodWorker.java:127)
	at org.testng.internal.TestMethodWorker.run(TestMethodWorker.java:111)
	at org.testng.TestRunner.privateRun(TestRunner.java:767)
	at org.testng.TestRunner.run(TestRunner.java:617)
	at org.testng.SuiteRunner.runTest(SuiteRunner.java:334)
	at org.testng.SuiteRunner.runSequentially(SuiteRunner.java:329)
	at org.testng.SuiteRunner.privateRun(SuiteRunner.java:291)
	at org.testng.SuiteRunner.run(SuiteRunner.java:240)
	at org.testng.SuiteRunnerWorker.runSuite(SuiteRunnerWorker.java:52)
	at org.testng.SuiteRunnerWorker.run(SuiteRunnerWorker.java:86)
	at org.testng.TestNG.runSuitesSequentially(TestNG.java:1224)
	at org.testng.TestNG.runSuitesLocally(TestNG.java:1149)
	at org.testng.TestNG.run(TestNG.java:1057)
	at org.testng.remote.RemoteTestNG.run(RemoteTestNG.java:111)
	at org.testng.remote.RemoteTestNG.initAndRun(RemoteTestNG.java:204)
	at org.testng.remote.RemoteTestNG.main(RemoteTestNG.java:175)
]]>
            </full-stacktrace>
          </exception> <!-- java.lang.AssertionError -->
          <reporter-output>
          </reporter-output>
        </test-method> <!-- verifyInfographics -->
        <test-method status="PASS" signature="verifyLocalExperts()[pri:0, instance:myrp.test.SmokeTestProd@2de0a562]" name="verifyLocalExperts" duration-ms="181538" started-at="2014-10-01T12:02:11Z" finished-at="2014-10-01T12:05:13Z">
          <reporter-output>
          </reporter-output>
        </test-method> <!-- verifyLocalExperts -->
        <test-method status="PASS" signature="teardown()[pri:0, instance:myrp.test.SmokeTestProd@2de0a562]" name="teardown" is-config="true" duration-ms="303" started-at="2014-10-01T12:05:13Z" finished-at="2014-10-01T12:05:13Z">
          <reporter-output>
          </reporter-output>
        </test-method> <!-- teardown -->
      </class> <!-- myrp.test.SmokeTestProd -->
    </test> <!-- Default test -->
  </suite> <!-- Default suite -->
</testng-results>
